<?xml version="1.0" encoding="UTF-8"?>
<!-- Generated by org.testng.reporters.JUnitXMLReporter -->
<testsuite ignored="0" hostname="PhiHung" failures="0" tests="8" name="Test" time="441.913" errors="0" timestamp="2022-04-07T08:39:13 ICT">
  <testcase classname="ASM2.TestCase2" name="addToCart" time="10.284"/>
  <testcase classname="ASM2.TestCase1" name="testName" time="8.368"/>
  <testcase classname="ASM2.TestBien" name="f" time="9.477"/>
  <testcase classname="ASM2.TestBien" name="f" time="8.232"/>
  <testcase classname="ASM2.TestBien" name="f" time="3.146"/>
  <testcase classname="ASM2.TestBien" name="f" time="2.911"/>
  <testcase classname="ASM2.TestBien" name="f" time="1.835"/>
  <testcase classname="ASM2.TestBien" name="f" time="2.65"/>
</testsuite> <!-- Test -->
