<?xml version="1.0" encoding="UTF-8"?>
<testng-results ignored="0" total="1" passed="1" failed="0" skipped="0">
  <reporter-output>
  </reporter-output>
  <suite started-at="2022-04-21T06:12:41 ICT" name="Default suite" finished-at="2022-04-21T06:12:50 ICT" duration-ms="9479">
    <groups>
    </groups>
    <test started-at="2022-04-21T06:12:41 ICT" name="Default test" finished-at="2022-04-21T06:12:50 ICT" duration-ms="9479">
      <class name="ThiKiemThu.Thi.TestCase1">
        <test-method is-config="true" signature="beforeTest()[pri:0, instance:ThiKiemThu.Thi.TestCase1@4facf68f]" started-at="2022-04-21T06:12:41 ICT" name="beforeTest" finished-at="2022-04-21T06:12:48 ICT" duration-ms="7699" status="PASS">
          <reporter-output>
          </reporter-output>
        </test-method> <!-- beforeTest -->
        <test-method signature="testName()[pri:0, instance:ThiKiemThu.Thi.TestCase1@4facf68f]" started-at="2022-04-21T06:12:48 ICT" name="testName" finished-at="2022-04-21T06:12:50 ICT" duration-ms="1660" status="PASS">
          <reporter-output>
          </reporter-output>
        </test-method> <!-- testName -->
        <test-method is-config="true" signature="afterTest()[pri:0, instance:ThiKiemThu.Thi.TestCase1@4facf68f]" started-at="2022-04-21T06:12:50 ICT" name="afterTest" finished-at="2022-04-21T06:12:50 ICT" duration-ms="96" status="PASS">
          <reporter-output>
          </reporter-output>
        </test-method> <!-- afterTest -->
      </class> <!-- ThiKiemThu.Thi.TestCase1 -->
    </test> <!-- Default test -->
  </suite> <!-- Default suite -->
</testng-results>
