<?xml version="1.0" encoding="UTF-8"?>
<testng-results ignored="0" total="1" passed="1" failed="0" skipped="0">
  <reporter-output>
  </reporter-output>
  <suite started-at="2022-04-20T16:01:30 ICT" name="Default suite" finished-at="2022-04-20T16:01:49 ICT" duration-ms="19423">
    <groups>
    </groups>
    <test started-at="2022-04-20T16:01:30 ICT" name="Default test" finished-at="2022-04-20T16:01:49 ICT" duration-ms="19423">
      <class name="Test.TC1">
        <test-method is-config="true" signature="beforeTest()[pri:0, instance:Test.TC1@61df66b6]" started-at="2022-04-20T16:01:30 ICT" name="beforeTest" finished-at="2022-04-20T16:01:37 ICT" duration-ms="7675" status="PASS">
          <reporter-output>
          </reporter-output>
        </test-method> <!-- beforeTest -->
        <test-method signature="test1()[pri:0, instance:Test.TC1@61df66b6]" started-at="2022-04-20T16:01:37 ICT" name="test1" finished-at="2022-04-20T16:01:49 ICT" duration-ms="11647" status="PASS">
          <reporter-output>
          </reporter-output>
        </test-method> <!-- test1 -->
        <test-method is-config="true" signature="afterTest()[pri:0, instance:Test.TC1@61df66b6]" started-at="2022-04-20T16:01:49 ICT" name="afterTest" finished-at="2022-04-20T16:01:49 ICT" duration-ms="76" status="PASS">
          <reporter-output>
          </reporter-output>
        </test-method> <!-- afterTest -->
      </class> <!-- Test.TC1 -->
    </test> <!-- Default test -->
  </suite> <!-- Default suite -->
</testng-results>
